633  [main] INFO  slst.byod.ByodManagerApplication - Starting ByodManagerApplication on ig-PC with PID 9916 (C:\Users\ig\git\Byod\ByodManager\bin started by ig in C:\Users\ig\git\Byod\ByodManager)
699  [main] DEBUG slst.byod.ByodManagerApplication - Running with Spring Boot v1.4.2.RELEASE, Spring v4.3.4.RELEASE
700  [main] INFO  slst.byod.ByodManagerApplication - No active profile set, falling back to default profiles: default
6385 [main] INFO  slst.byod.ByodManagerApplication - Started ByodManagerApplication in 6.228 seconds (JVM running for 7.113)
11226 [http-nio-8080-exec-1] INFO  s.b.a.c.c.i.RequestInterceptor - [GET]/swagger-resources
11471 [http-nio-8080-exec-3] INFO  s.b.a.c.c.i.RequestInterceptor - [GET]/v2/api-docs
11522 [http-nio-8080-exec-2] INFO  s.b.a.c.c.i.RequestInterceptor - [GET]/error
11584 [http-nio-8080-exec-4] INFO  s.b.a.c.c.i.RequestInterceptor - [GET]/error
11863 [http-nio-8080-exec-6] INFO  s.b.a.c.c.i.RequestInterceptor - [GET]/configuration/ui
11869 [http-nio-8080-exec-5] INFO  s.b.a.c.c.i.RequestInterceptor - [GET]/configuration/security
644  [main] INFO  slst.byod.ByodManagerApplication - Starting ByodManagerApplication on ig-PC with PID 11496 (C:\Users\ig\git\Byod\ByodManager\bin started by ig in C:\Users\ig\git\Byod\ByodManager)
648  [main] DEBUG slst.byod.ByodManagerApplication - Running with Spring Boot v1.4.2.RELEASE, Spring v4.3.4.RELEASE
648  [main] INFO  slst.byod.ByodManagerApplication - No active profile set, falling back to default profiles: default
5798 [main] INFO  slst.byod.ByodManagerApplication - Started ByodManagerApplication in 5.639 seconds (JVM running for 6.41)
8747 [http-nio-8080-exec-2] INFO  s.b.a.c.c.i.RequestInterceptor - [GET]/swagger-resources
8804 [http-nio-8080-exec-3] INFO  s.b.a.c.c.i.RequestInterceptor - [GET]/v2/api-docs
9045 [http-nio-8080-exec-4] INFO  s.b.a.c.c.i.RequestInterceptor - [GET]/configuration/security
9046 [http-nio-8080-exec-5] INFO  s.b.a.c.c.i.RequestInterceptor - [GET]/configuration/ui
31832 [http-nio-8080-exec-9] INFO  s.b.a.c.c.i.RequestInterceptor - [PUT]/Byod/AdminSrchEqupmntUpdate
32481 [http-nio-8080-exec-9] DEBUG s.b.a.s.S.updateAdminSrchEqupmnt - ==>  Preparing: UPDATE bd_srch_equpmnt_info SET cre_dt = now() WHERE srch_equpmnt_id = ? 
32498 [http-nio-8080-exec-9] DEBUG s.b.a.s.S.updateAdminSrchEqupmnt - ==> Parameters: EqupmntID_000001(String)
32748 [http-nio-8080-exec-9] DEBUG s.b.a.s.S.updateAdminSrchEqupmnt - <==    Updates: 1
57846 [http-nio-8080-exec-1] INFO  s.b.a.c.c.i.RequestInterceptor - [PUT]/Byod/AdminSrchEqupmntUpdate
57849 [http-nio-8080-exec-1] DEBUG s.b.a.s.S.updateAdminSrchEqupmnt - ==>  Preparing: UPDATE bd_srch_equpmnt_info SET cre_dt = now(), use_yn=? WHERE srch_equpmnt_id = ? 
57850 [http-nio-8080-exec-1] DEBUG s.b.a.s.S.updateAdminSrchEqupmnt - ==> Parameters: N(String), EqupmntID_000001(String)
57905 [http-nio-8080-exec-1] DEBUG s.b.a.s.S.updateAdminSrchEqupmnt - <==    Updates: 1
77331 [http-nio-8080-exec-3] INFO  s.b.a.c.c.i.RequestInterceptor - [PUT]/Byod/AdminSrchEqupmntUpdate
77333 [http-nio-8080-exec-3] DEBUG s.b.a.s.S.updateAdminSrchEqupmnt - ==>  Preparing: UPDATE bd_srch_equpmnt_info SET srch_equpmnt_kind=?, cre_dt = now() WHERE srch_equpmnt_id = ? 
77334 [http-nio-8080-exec-3] DEBUG s.b.a.s.S.updateAdminSrchEqupmnt - ==> Parameters: 겔럭시(String), EqupmntID_000001(String)
77380 [http-nio-8080-exec-3] DEBUG s.b.a.s.S.updateAdminSrchEqupmnt - <==    Updates: 1
107521 [http-nio-8080-exec-4] INFO  s.b.a.c.c.i.RequestInterceptor - [PUT]/Byod/AdminSrchEqupmntUpdate
107523 [http-nio-8080-exec-4] DEBUG s.b.a.s.S.updateAdminSrchEqupmnt - ==>  Preparing: UPDATE bd_srch_equpmnt_info SET srch_equpmnt_kind=?, cre_dt = now() WHERE srch_equpmnt_id = ? 
107524 [http-nio-8080-exec-4] DEBUG s.b.a.s.S.updateAdminSrchEqupmnt - ==> Parameters: 겔럭시(String), EqupmntID_000001(String)
107571 [http-nio-8080-exec-4] DEBUG s.b.a.s.S.updateAdminSrchEqupmnt - <==    Updates: 1
146508 [http-nio-8080-exec-5] INFO  s.b.a.c.c.i.RequestInterceptor - [PUT]/Byod/AdminSrchEqupmntUpdate
146510 [http-nio-8080-exec-5] DEBUG s.b.a.s.S.updateAdminSrchEqupmnt - ==>  Preparing: UPDATE bd_srch_equpmnt_info SET srch_equpmnt_kind=?, cre_dt = now(), use_yn=? WHERE srch_equpmnt_id = ? 
146510 [http-nio-8080-exec-5] DEBUG s.b.a.s.S.updateAdminSrchEqupmnt - ==> Parameters: 겔럭시(String), Y(String), EqupmntID_000001(String)
146596 [http-nio-8080-exec-5] DEBUG s.b.a.s.S.updateAdminSrchEqupmnt - <==    Updates: 1
624  [main] INFO  slst.byod.ByodManagerApplication - Starting ByodManagerApplication on ig-PC with PID 10608 (C:\Users\ig\git\Byod\ByodManager\bin started by ig in C:\Users\ig\git\Byod\ByodManager)
627  [main] DEBUG slst.byod.ByodManagerApplication - Running with Spring Boot v1.4.2.RELEASE, Spring v4.3.4.RELEASE
628  [main] INFO  slst.byod.ByodManagerApplication - No active profile set, falling back to default profiles: default
5717 [main] INFO  slst.byod.ByodManagerApplication - Started ByodManagerApplication in 5.561 seconds (JVM running for 6.227)
8380 [http-nio-8080-exec-2] INFO  s.b.a.c.c.i.RequestInterceptor - [GET]/swagger-resources
8433 [http-nio-8080-exec-3] INFO  s.b.a.c.c.i.RequestInterceptor - [GET]/v2/api-docs
8635 [http-nio-8080-exec-4] INFO  s.b.a.c.c.i.RequestInterceptor - [GET]/configuration/security
8636 [http-nio-8080-exec-5] INFO  s.b.a.c.c.i.RequestInterceptor - [GET]/configuration/ui
794  [main] INFO  slst.byod.ByodManagerApplication - Starting ByodManagerApplication on ig-PC with PID 8088 (C:\Users\ig\git\Byod\ByodManager\bin started by ig in C:\Users\ig\git\Byod\ByodManager)
798  [main] DEBUG slst.byod.ByodManagerApplication - Running with Spring Boot v1.4.2.RELEASE, Spring v4.3.4.RELEASE
798  [main] INFO  slst.byod.ByodManagerApplication - No active profile set, falling back to default profiles: default
7495 [main] INFO  slst.byod.ByodManagerApplication - Started ByodManagerApplication in 7.216 seconds (JVM running for 8.993)
15948 [http-nio-8080-exec-2] INFO  s.b.a.c.c.i.RequestInterceptor - [GET]/swagger-resources
16009 [http-nio-8080-exec-3] INFO  s.b.a.c.c.i.RequestInterceptor - [GET]/v2/api-docs
16360 [http-nio-8080-exec-4] INFO  s.b.a.c.c.i.RequestInterceptor - [GET]/configuration/security
16384 [http-nio-8080-exec-5] INFO  s.b.a.c.c.i.RequestInterceptor - [GET]/configuration/ui
