884  [Test worker] INFO  s.byod.ByodManagerApplicationTests - Starting ByodManagerApplicationTests on ig-PC with PID 11588 (started by ig in C:\Users\ig\git\ByodGit\Byod\ByodManager)
913  [Test worker] DEBUG s.byod.ByodManagerApplicationTests - Running with Spring Boot v1.4.2.RELEASE, Spring v4.3.4.RELEASE
914  [Test worker] INFO  s.byod.ByodManagerApplicationTests - No active profile set, falling back to default profiles: default
5745 [Test worker] INFO  s.byod.ByodManagerApplicationTests - Started ByodManagerApplicationTests in 5.375 seconds (JVM running for 6.21)
899  [Test worker] INFO  s.byod.ByodManagerApplicationTests - Starting ByodManagerApplicationTests on ig-PC with PID 11772 (started by ig in C:\Users\ig\git\ByodGit\Byod\ByodManager)
901  [Test worker] DEBUG s.byod.ByodManagerApplicationTests - Running with Spring Boot v1.4.2.RELEASE, Spring v4.3.4.RELEASE
902  [Test worker] INFO  s.byod.ByodManagerApplicationTests - No active profile set, falling back to default profiles: default
6319 [Test worker] INFO  s.byod.ByodManagerApplicationTests - Started ByodManagerApplicationTests in 5.948 seconds (JVM running for 6.797)
895  [Test worker] INFO  s.byod.ByodManagerApplicationTests - Starting ByodManagerApplicationTests on ig-PC with PID 1272 (started by ig in C:\Users\ig\git\ByodGit\Byod\ByodManager)
897  [Test worker] DEBUG s.byod.ByodManagerApplicationTests - Running with Spring Boot v1.4.2.RELEASE, Spring v4.3.4.RELEASE
898  [Test worker] INFO  s.byod.ByodManagerApplicationTests - No active profile set, falling back to default profiles: default
5971 [Test worker] INFO  s.byod.ByodManagerApplicationTests - Started ByodManagerApplicationTests in 5.594 seconds (JVM running for 6.447)
930  [Test worker] INFO  s.byod.ByodManagerApplicationTests - Starting ByodManagerApplicationTests on ig-PC with PID 7472 (started by ig in C:\Users\ig\git\ByodGit\Byod\ByodManager)
931  [Test worker] DEBUG s.byod.ByodManagerApplicationTests - Running with Spring Boot v1.4.2.RELEASE, Spring v4.3.4.RELEASE
932  [Test worker] INFO  s.byod.ByodManagerApplicationTests - No active profile set, falling back to default profiles: default
6494 [Test worker] INFO  s.byod.ByodManagerApplicationTests - Started ByodManagerApplicationTests in 6.096 seconds (JVM running for 7.035)
921  [Test worker] INFO  s.byod.ByodManagerApplicationTests - Starting ByodManagerApplicationTests on ig-PC with PID 3764 (started by ig in C:\Users\ig\git\ByodGit\Byod\ByodManager)
924  [Test worker] DEBUG s.byod.ByodManagerApplicationTests - Running with Spring Boot v1.4.2.RELEASE, Spring v4.3.4.RELEASE
926  [Test worker] INFO  s.byod.ByodManagerApplicationTests - No active profile set, falling back to default profiles: default
6135 [Test worker] INFO  s.byod.ByodManagerApplicationTests - Started ByodManagerApplicationTests in 5.745 seconds (JVM running for 6.619)
1118 [Test worker] INFO  s.byod.ByodManagerApplicationTests - Starting ByodManagerApplicationTests on ig-PC with PID 14132 (started by ig in C:\Users\ig\git\ByodGit\Byod\ByodManager)
1148 [Test worker] DEBUG s.byod.ByodManagerApplicationTests - Running with Spring Boot v1.4.2.RELEASE, Spring v4.3.4.RELEASE
1149 [Test worker] INFO  s.byod.ByodManagerApplicationTests - No active profile set, falling back to default profiles: default
6920 [Test worker] INFO  s.byod.ByodManagerApplicationTests - Started ByodManagerApplicationTests in 6.553 seconds (JVM running for 7.595)
878  [Test worker] INFO  s.byod.ByodManagerApplicationTests - Starting ByodManagerApplicationTests on ig-PC with PID 14084 (started by ig in C:\Users\ig\git\ByodGit\Byod\ByodManager)
882  [Test worker] DEBUG s.byod.ByodManagerApplicationTests - Running with Spring Boot v1.4.2.RELEASE, Spring v4.3.4.RELEASE
884  [Test worker] INFO  s.byod.ByodManagerApplicationTests - No active profile set, falling back to default profiles: default
6041 [Test worker] INFO  s.byod.ByodManagerApplicationTests - Started ByodManagerApplicationTests in 5.672 seconds (JVM running for 6.499)
890  [Test worker] INFO  s.byod.ByodManagerApplicationTests - Starting ByodManagerApplicationTests on ig-PC with PID 13200 (started by ig in C:\Users\ig\git\ByodGit\Byod\ByodManager)
892  [Test worker] DEBUG s.byod.ByodManagerApplicationTests - Running with Spring Boot v1.4.2.RELEASE, Spring v4.3.4.RELEASE
892  [Test worker] INFO  s.byod.ByodManagerApplicationTests - No active profile set, falling back to default profiles: default
6388 [Test worker] INFO  s.byod.ByodManagerApplicationTests - Started ByodManagerApplicationTests in 6.007 seconds (JVM running for 6.863)
